\BOOKMARK [1][-]{section.1}{\376\377\000W\000p\000r\000o\000w\000a\000d\000z\000e\000n\000i\000e}{}% 1
\BOOKMARK [2][-]{subsection.1.1}{\376\377\000C\000e\000l\000\040\000i\000\040\000z\000a\000k\000r\000e\000s\000\040\000p\000r\000a\000c}{section.1}% 2
\BOOKMARK [2][-]{subsection.1.2}{\376\377\000t\000u\000t\000a\000j\000\040\000o\000p\000i\000s\000\040\000z\000\040\000f\000i\000s\000z\000k\000i}{section.1}% 3
\BOOKMARK [1][-]{section.2}{\376\377\000S\000t\000a\000n\000\040\000w\000i\000e\000d\000z\000y\000\040\000w\000\040\000o\000b\000s\000z\000a\000r\000z\000e\000\040\000p\000r\000z\000e\000d\000s\000i\001\031\000w\000z\000i\001\031\000c\000i\000a}{}% 4
\BOOKMARK [2][-]{subsection.2.1}{\376\377\000R\000e\000k\000o\000n\000s\000t\000r\000u\000k\000c\000j\000a}{section.2}% 5
\BOOKMARK [3][-]{subsubsection.2.1.1}{\376\377\000S\000F\000M}{subsection.2.1}% 6
\BOOKMARK [3][-]{subsubsection.2.1.2}{\376\377\000G\000a\000u\000s\000s\000i\000a\000n\000\040\000S\000p\000l\000a\000t\000t\000i\000n\000g}{subsection.2.1}% 7
\BOOKMARK [2][-]{subsection.2.2}{\376\377\000S\000e\000g\000m\000e\000n\000t\000a\000c\000j\000a}{section.2}% 8
\BOOKMARK [1][-]{section.3}{\376\377\000P\000r\000o\000j\000e\000k\000t}{}% 9
\BOOKMARK [2][-]{subsection.3.1}{\376\377\000S\000p\000e\000c\000y\000f\000i\000k\000a\000c\000j\000a\000\040\000w\000y\000m\000a\000g\000a\001\104\000\040\000n\000a\000\040\000p\000r\000o\000d\000u\000k\000t\000\040\000p\000r\000o\000g\000r\000a\000m\000o\000w\000y}{section.3}% 10
\BOOKMARK [2][-]{subsection.3.2}{\376\377\000A\000r\000c\000h\000i\000t\000e\000k\000t\000u\000r\000a}{section.3}% 11
\BOOKMARK [2][-]{subsection.3.3}{\376\377\000I\000m\000p\000l\000e\000m\000e\000n\000t\000a\000c\000j\000a}{section.3}% 12
\BOOKMARK [3][-]{subsubsection.3.3.1}{\376\377\000S\000t\000r\000u\000k\000t\000u\000r\000a\000\040\000p\000l\000i\000k\000o\000w\000a\000\040\000p\000r\000o\000j\000e\000k\000t\000u}{subsection.3.3}% 13
\BOOKMARK [3][-]{subsubsection.3.3.2}{\376\377\000G\000a\000u\000s\000s\000i\000a\000n\000\040\000S\000p\000l\000a\000t\000t\000i\000n\000g}{subsection.3.3}% 14
\BOOKMARK [1][-]{section.4}{\376\377\000W\000y\000n\000i\000k\000i\000\040\000i\000\040\000a\000n\000a\000l\000i\000z\000a\000\040\000b\000a\000d\000a\001\104}{}% 15
\BOOKMARK [2][-]{subsection.4.1}{\376\377\000R\000e\000k\000o\000n\000s\000t\000r\000u\000k\000c\000j\000a\000\040\000-\000\040\000G\000a\000u\000s\000s\000i\000a\000n\000\040\000S\000p\000l\000a\000t\000t\000i\000n\000g}{section.4}% 16
\BOOKMARK [3][-]{subsubsection.4.1.1}{\376\377\000W\000s\000t\001\031\000p}{subsection.4.1}% 17
\BOOKMARK [3][-]{subsubsection.4.1.2}{\376\377\000Z\000a\000l\000e\001\174\000n\000o\001\133\001\007\000\040\000w\000y\000n\000i\000k\000\363\000w\000\040\000o\000d\000\040\000w\000a\000r\000t\000o\001\133\000c\000i\000\040\000h\000i\000p\000e\000r\000p\000a\000r\000a\000m\000e\000t\000r\000\363\000w}{subsection.4.1}% 18
\BOOKMARK [3][-]{subsubsection.4.1.3}{\376\377\000P\000o\000r\000\363\000w\000n\000a\000n\000i\000e\000\040\000z\000d\000j\001\031\001\007\000\040\000m\000i\001\031\000d\000z\000y\000\040\000e\000k\000s\000p\000e\000r\000y\000m\000e\000n\000t\000a\000m\000i}{subsection.4.1}% 19
\BOOKMARK [3][-]{subsubsection.4.1.4}{\376\377\000P\000o\000d\000s\000u\000m\000o\000w\000a\000n\000i\000e}{subsection.4.1}% 20
\BOOKMARK [1][-]{section.5}{\376\377\000P\000o\000d\000s\000u\000m\000o\000w\000a\000n\000i\000e}{}% 21
